2026-02-05 14:46:07.355 | INFO     | main:<module>:117 - ✓ All routes registered successfully
2026-02-05 14:46:07.360 | INFO     | main:lifespan:33 - Starting SME Financial Platform...
2026-02-05 14:46:07.360 | INFO     | main:lifespan:34 - Initializing database...
2026-02-06 02:52:31.377 | INFO     | __main__:<module>:117 - ✓ All routes registered successfully
2026-02-06 02:52:31.715 | INFO     | main:<module>:117 - ✓ All routes registered successfully
2026-02-06 02:52:31.715 | INFO     | main:<module>:117 - ✓ All routes registered successfully
2026-02-06 02:52:31.716 | INFO     | main:lifespan:33 - Starting SME Financial Platform...
2026-02-06 02:52:31.716 | INFO     | main:lifespan:33 - Starting SME Financial Platform...
2026-02-06 02:52:31.716 | INFO     | main:lifespan:34 - Initializing database...
2026-02-06 02:52:31.716 | INFO     | main:lifespan:34 - Initializing database...
2026-02-06 02:52:31.891 | INFO     | main:lifespan:36 - ✓ Application started successfully
2026-02-06 02:52:31.891 | INFO     | main:lifespan:36 - ✓ Application started successfully
2026-02-06 02:52:59.558 | INFO     | security.audit_logger:log_event:36 - AUDIT LOG: User None performed failed on N/A:N/A. Details: {'success': False}
2026-02-06 02:52:59.558 | INFO     | security.audit_logger:log_event:36 - AUDIT LOG: User None performed failed on N/A:N/A. Details: {'success': False}
2026-02-06 02:53:31.040 | INFO     | security.audit_logger:log_event:36 - AUDIT LOG: User 1 performed create on N/A:N/A. Details: None
2026-02-06 02:53:31.040 | INFO     | security.audit_logger:log_event:36 - AUDIT LOG: User 1 performed create on N/A:N/A. Details: None
2026-02-06 03:57:06.050 | INFO     | __main__:<module>:117 - ✓ All routes registered successfully
2026-02-06 03:57:06.199 | INFO     | main:<module>:117 - ✓ All routes registered successfully
2026-02-06 03:57:06.199 | INFO     | main:<module>:117 - ✓ All routes registered successfully
2026-02-06 03:57:06.199 | INFO     | main:lifespan:33 - Starting SME Financial Platform...
2026-02-06 03:57:06.199 | INFO     | main:lifespan:33 - Starting SME Financial Platform...
2026-02-06 03:57:06.200 | INFO     | main:lifespan:34 - Initializing database...
2026-02-06 03:57:06.200 | INFO     | main:lifespan:34 - Initializing database...
2026-02-06 03:57:06.243 | INFO     | main:lifespan:36 - ✓ Application started successfully
2026-02-06 03:57:06.243 | INFO     | main:lifespan:36 - ✓ Application started successfully
2026-02-06 05:26:24.574 | INFO     | __main__:<module>:117 - ✓ All routes registered successfully
2026-02-06 05:26:24.925 | INFO     | main:<module>:117 - ✓ All routes registered successfully
2026-02-06 05:26:24.925 | INFO     | main:<module>:117 - ✓ All routes registered successfully
2026-02-06 05:26:24.932 | INFO     | main:lifespan:33 - Starting SME Financial Platform...
2026-02-06 05:26:24.932 | INFO     | main:lifespan:33 - Starting SME Financial Platform...
2026-02-06 05:26:24.934 | INFO     | main:lifespan:34 - Initializing database...
2026-02-06 05:26:24.934 | INFO     | main:lifespan:34 - Initializing database...
2026-02-06 05:26:25.019 | INFO     | main:lifespan:36 - ✓ Application started successfully
2026-02-06 05:26:25.019 | INFO     | main:lifespan:36 - ✓ Application started successfully
2026-02-06 05:26:25.039 | INFO     | main:lifespan:41 - Shutting down SME Financial Platform...
2026-02-06 05:26:25.039 | INFO     | main:lifespan:41 - Shutting down SME Financial Platform...
2026-02-06 13:13:56.667 | INFO     | __main__:<module>:117 - ✓ All routes registered successfully
2026-02-06 13:13:56.907 | INFO     | main:<module>:117 - ✓ All routes registered successfully
2026-02-06 13:13:56.907 | INFO     | main:<module>:117 - ✓ All routes registered successfully
2026-02-06 13:13:56.909 | INFO     | main:lifespan:33 - Starting SME Financial Platform...
2026-02-06 13:13:56.909 | INFO     | main:lifespan:33 - Starting SME Financial Platform...
2026-02-06 13:13:56.909 | INFO     | main:lifespan:34 - Initializing database...
2026-02-06 13:13:56.909 | INFO     | main:lifespan:34 - Initializing database...
2026-02-06 13:14:57.352 | INFO     | __main__:<module>:117 - ✓ All routes registered successfully
2026-02-06 13:14:57.502 | INFO     | main:<module>:117 - ✓ All routes registered successfully
2026-02-06 13:14:57.502 | INFO     | main:<module>:117 - ✓ All routes registered successfully
2026-02-06 13:14:57.505 | INFO     | main:lifespan:33 - Starting SME Financial Platform...
2026-02-06 13:14:57.505 | INFO     | main:lifespan:33 - Starting SME Financial Platform...
2026-02-06 13:14:57.506 | INFO     | main:lifespan:34 - Initializing database...
2026-02-06 13:14:57.506 | INFO     | main:lifespan:34 - Initializing database...
2026-02-06 13:14:57.625 | INFO     | main:lifespan:36 - ✓ Application started successfully
2026-02-06 13:14:57.625 | INFO     | main:lifespan:36 - ✓ Application started successfully
2026-02-06 13:26:46.065 | INFO     | main:lifespan:41 - Shutting down SME Financial Platform...
2026-02-06 13:26:46.065 | INFO     | main:lifespan:41 - Shutting down SME Financial Platform...
2026-02-06 13:26:51.309 | INFO     | __main__:<module>:117 - ✓ All routes registered successfully
2026-02-06 13:26:51.444 | INFO     | main:<module>:117 - ✓ All routes registered successfully
2026-02-06 13:26:51.444 | INFO     | main:<module>:117 - ✓ All routes registered successfully
2026-02-06 13:26:51.447 | INFO     | main:lifespan:33 - Starting SME Financial Platform...
2026-02-06 13:26:51.447 | INFO     | main:lifespan:33 - Starting SME Financial Platform...
2026-02-06 13:26:51.447 | INFO     | main:lifespan:34 - Initializing database...
2026-02-06 13:26:51.447 | INFO     | main:lifespan:34 - Initializing database...
2026-02-06 13:26:51.506 | INFO     | main:lifespan:36 - ✓ Application started successfully
2026-02-06 13:26:51.506 | INFO     | main:lifespan:36 - ✓ Application started successfully
2026-02-06 13:27:26.586 | INFO     | security.audit_logger:log_event:36 - AUDIT LOG: User 1 performed success on N/A:N/A. Details: {'success': True}
2026-02-06 13:27:26.586 | INFO     | security.audit_logger:log_event:36 - AUDIT LOG: User 1 performed success on N/A:N/A. Details: {'success': True}
2026-02-06 13:27:36.844 | INFO     | security.audit_logger:log_event:36 - AUDIT LOG: User 1 performed read on company:1. Details: None
2026-02-06 13:27:36.844 | INFO     | security.audit_logger:log_event:36 - AUDIT LOG: User 1 performed read on company:1. Details: None
2026-02-06 13:27:37.163 | INFO     | security.audit_logger:log_event:36 - AUDIT LOG: User 1 performed read on health_score:1. Details: None
2026-02-06 13:27:37.163 | INFO     | security.audit_logger:log_event:36 - AUDIT LOG: User 1 performed read on health_score:1. Details: None
2026-02-06 13:27:37.169 | INFO     | security.audit_logger:log_event:36 - AUDIT LOG: User 1 performed read on company:1. Details: None
2026-02-06 13:27:37.169 | INFO     | security.audit_logger:log_event:36 - AUDIT LOG: User 1 performed read on company:1. Details: None
2026-02-06 13:27:37.488 | INFO     | security.audit_logger:log_event:36 - AUDIT LOG: User 1 performed read on health_score:1. Details: None
2026-02-06 13:27:37.488 | INFO     | security.audit_logger:log_event:36 - AUDIT LOG: User 1 performed read on health_score:1. Details: None
2026-02-06 13:47:02.627 | INFO     | main:lifespan:41 - Shutting down SME Financial Platform...
2026-02-06 13:47:02.627 | INFO     | main:lifespan:41 - Shutting down SME Financial Platform...
2026-02-06 13:47:07.826 | INFO     | __main__:<module>:117 - ✓ All routes registered successfully
2026-02-06 13:47:10.328 | INFO     | __mp_main__:<module>:117 - ✓ All routes registered successfully
2026-02-06 13:47:10.514 | INFO     | main:<module>:117 - ✓ All routes registered successfully
2026-02-06 13:47:10.514 | INFO     | main:<module>:117 - ✓ All routes registered successfully
2026-02-06 13:47:10.516 | INFO     | main:lifespan:33 - Starting SME Financial Platform...
2026-02-06 13:47:10.516 | INFO     | main:lifespan:33 - Starting SME Financial Platform...
2026-02-06 13:47:10.517 | INFO     | main:lifespan:34 - Initializing database...
2026-02-06 13:47:10.517 | INFO     | main:lifespan:34 - Initializing database...
2026-02-06 13:47:10.677 | INFO     | main:lifespan:36 - ✓ Application started successfully
2026-02-06 13:47:10.677 | INFO     | main:lifespan:36 - ✓ Application started successfully
2026-02-06 13:47:24.506 | INFO     | security.audit_logger:log_event:36 - AUDIT LOG: User None performed failed on N/A:N/A. Details: {'success': False}
2026-02-06 13:47:24.506 | INFO     | security.audit_logger:log_event:36 - AUDIT LOG: User None performed failed on N/A:N/A. Details: {'success': False}
2026-02-06 13:47:26.235 | INFO     | security.audit_logger:log_event:36 - AUDIT LOG: User None performed failed on N/A:N/A. Details: {'success': False}
2026-02-06 13:47:26.235 | INFO     | security.audit_logger:log_event:36 - AUDIT LOG: User None performed failed on N/A:N/A. Details: {'success': False}
2026-02-06 13:47:28.660 | INFO     | security.audit_logger:log_event:36 - AUDIT LOG: User None performed failed on N/A:N/A. Details: {'success': False}
2026-02-06 13:47:28.660 | INFO     | security.audit_logger:log_event:36 - AUDIT LOG: User None performed failed on N/A:N/A. Details: {'success': False}
2026-02-06 13:47:31.064 | INFO     | security.audit_logger:log_event:36 - AUDIT LOG: User None performed failed on N/A:N/A. Details: {'success': False}
2026-02-06 13:47:31.064 | INFO     | security.audit_logger:log_event:36 - AUDIT LOG: User None performed failed on N/A:N/A. Details: {'success': False}
2026-02-06 13:47:41.659 | INFO     | security.audit_logger:log_event:36 - AUDIT LOG: User 1 performed create on N/A:N/A. Details: None
2026-02-06 13:47:41.659 | INFO     | security.audit_logger:log_event:36 - AUDIT LOG: User 1 performed create on N/A:N/A. Details: None
2026-02-06 15:49:07.447 | INFO     | main:lifespan:41 - Shutting down SME Financial Platform...
2026-02-06 15:49:07.447 | INFO     | main:lifespan:41 - Shutting down SME Financial Platform...
2026-02-06 16:00:04.336 | INFO     | __main__:<module>:117 - ✓ All routes registered successfully
2026-02-06 16:00:06.706 | INFO     | __mp_main__:<module>:117 - ✓ All routes registered successfully
2026-02-06 16:00:06.836 | INFO     | main:<module>:117 - ✓ All routes registered successfully
2026-02-06 16:00:06.836 | INFO     | main:<module>:117 - ✓ All routes registered successfully
2026-02-06 16:00:06.839 | INFO     | main:lifespan:33 - Starting SME Financial Platform...
2026-02-06 16:00:06.839 | INFO     | main:lifespan:33 - Starting SME Financial Platform...
2026-02-06 16:00:06.839 | INFO     | main:lifespan:34 - Initializing database...
2026-02-06 16:00:06.839 | INFO     | main:lifespan:34 - Initializing database...
2026-02-06 16:00:06.847 | INFO     | main:lifespan:36 - ✓ Application started successfully
2026-02-06 16:00:06.847 | INFO     | main:lifespan:36 - ✓ Application started successfully
2026-02-06 16:04:40.333 | INFO     | security.audit_logger:log_event:36 - AUDIT LOG: User 1 performed success on N/A:N/A. Details: {'success': True}
2026-02-06 16:04:40.333 | INFO     | security.audit_logger:log_event:36 - AUDIT LOG: User 1 performed success on N/A:N/A. Details: {'success': True}
2026-02-06 16:05:28.720 | ERROR    | main:global_exception_handler:79 - Unhandled exception: 1 validation error for UserResponse
phone
  Input should be a valid string [type=string_type, input_value=None, input_type=NoneType]
    For further information visit https://errors.pydantic.dev/2.5/v/string_type
2026-02-06 16:05:28.720 | ERROR    | main:global_exception_handler:79 - Unhandled exception: 1 validation error for UserResponse
phone
  Input should be a valid string [type=string_type, input_value=None, input_type=NoneType]
    For further information visit https://errors.pydantic.dev/2.5/v/string_type
2026-02-06 16:06:38.161 | ERROR    | main:global_exception_handler:79 - Unhandled exception: 1 validation error for UserResponse
phone
  Input should be a valid string [type=string_type, input_value=None, input_type=NoneType]
    For further information visit https://errors.pydantic.dev/2.5/v/string_type
2026-02-06 16:06:38.161 | ERROR    | main:global_exception_handler:79 - Unhandled exception: 1 validation error for UserResponse
phone
  Input should be a valid string [type=string_type, input_value=None, input_type=NoneType]
    For further information visit https://errors.pydantic.dev/2.5/v/string_type
2026-02-06 16:06:38.309 | INFO     | main:lifespan:41 - Shutting down SME Financial Platform...
2026-02-06 16:06:38.309 | INFO     | main:lifespan:41 - Shutting down SME Financial Platform...
2026-02-06 16:06:42.511 | INFO     | __mp_main__:<module>:117 - ✓ All routes registered successfully
2026-02-06 16:06:42.656 | INFO     | main:<module>:117 - ✓ All routes registered successfully
2026-02-06 16:06:42.656 | INFO     | main:<module>:117 - ✓ All routes registered successfully
2026-02-06 16:06:42.658 | INFO     | main:lifespan:33 - Starting SME Financial Platform...
2026-02-06 16:06:42.658 | INFO     | main:lifespan:33 - Starting SME Financial Platform...
2026-02-06 16:06:42.658 | INFO     | main:lifespan:34 - Initializing database...
2026-02-06 16:06:42.658 | INFO     | main:lifespan:34 - Initializing database...
2026-02-06 16:06:42.662 | INFO     | main:lifespan:36 - ✓ Application started successfully
2026-02-06 16:06:42.662 | INFO     | main:lifespan:36 - ✓ Application started successfully
2026-02-06 16:10:05.166 | INFO     | main:lifespan:41 - Shutting down SME Financial Platform...
2026-02-06 16:10:05.166 | INFO     | main:lifespan:41 - Shutting down SME Financial Platform...
2026-02-06 16:10:09.997 | INFO     | __main__:<module>:117 - ✓ All routes registered successfully
2026-02-06 16:10:12.629 | INFO     | __mp_main__:<module>:117 - ✓ All routes registered successfully
2026-02-06 16:10:12.762 | INFO     | main:<module>:117 - ✓ All routes registered successfully
2026-02-06 16:10:12.762 | INFO     | main:<module>:117 - ✓ All routes registered successfully
2026-02-06 16:10:12.762 | INFO     | main:lifespan:33 - Starting SME Financial Platform...
2026-02-06 16:10:12.762 | INFO     | main:lifespan:33 - Starting SME Financial Platform...
2026-02-06 16:10:12.764 | INFO     | main:lifespan:34 - Initializing database...
2026-02-06 16:10:12.764 | INFO     | main:lifespan:34 - Initializing database...
2026-02-06 16:10:12.766 | INFO     | main:lifespan:36 - ✓ Application started successfully
2026-02-06 16:10:12.766 | INFO     | main:lifespan:36 - ✓ Application started successfully
2026-02-06 16:10:33.711 | INFO     | security.audit_logger:log_event:36 - AUDIT LOG: User 2 performed read on company:1. Details: None
2026-02-06 16:10:33.711 | INFO     | security.audit_logger:log_event:36 - AUDIT LOG: User 2 performed read on company:1. Details: None
2026-02-06 16:10:34.690 | INFO     | security.audit_logger:log_event:36 - AUDIT LOG: User 2 performed read on health_score:1. Details: None
2026-02-06 16:10:34.690 | INFO     | security.audit_logger:log_event:36 - AUDIT LOG: User 2 performed read on health_score:1. Details: None
2026-02-06 16:10:34.695 | INFO     | security.audit_logger:log_event:36 - AUDIT LOG: User 2 performed read on company:1. Details: None
2026-02-06 16:10:34.695 | INFO     | security.audit_logger:log_event:36 - AUDIT LOG: User 2 performed read on company:1. Details: None
2026-02-06 16:10:34.747 | INFO     | security.audit_logger:log_event:36 - AUDIT LOG: User 2 performed read on health_score:1. Details: None
2026-02-06 16:10:34.747 | INFO     | security.audit_logger:log_event:36 - AUDIT LOG: User 2 performed read on health_score:1. Details: None
2026-02-06 16:11:34.756 | INFO     | security.audit_logger:log_event:36 - AUDIT LOG: User 2 performed create on financial_statement:7. Details: None
2026-02-06 16:11:34.756 | INFO     | security.audit_logger:log_event:36 - AUDIT LOG: User 2 performed create on financial_statement:7. Details: None
2026-02-06 16:32:38.652 | INFO     | main:lifespan:41 - Shutting down SME Financial Platform...
2026-02-06 16:32:38.652 | INFO     | main:lifespan:41 - Shutting down SME Financial Platform...
2026-02-06 16:32:42.741 | INFO     | __mp_main__:<module>:117 - ✓ All routes registered successfully
2026-02-06 16:32:42.891 | INFO     | main:<module>:117 - ✓ All routes registered successfully
2026-02-06 16:32:42.891 | INFO     | main:<module>:117 - ✓ All routes registered successfully
2026-02-06 16:32:42.894 | INFO     | main:lifespan:33 - Starting SME Financial Platform...
2026-02-06 16:32:42.894 | INFO     | main:lifespan:33 - Starting SME Financial Platform...
2026-02-06 16:32:42.894 | INFO     | main:lifespan:34 - Initializing database...
2026-02-06 16:32:42.894 | INFO     | main:lifespan:34 - Initializing database...
2026-02-06 16:32:42.903 | INFO     | main:lifespan:36 - ✓ Application started successfully
2026-02-06 16:32:42.903 | INFO     | main:lifespan:36 - ✓ Application started successfully
2026-02-06 16:48:29.591 | INFO     | main:lifespan:41 - Shutting down SME Financial Platform...
2026-02-06 16:48:29.591 | INFO     | main:lifespan:41 - Shutting down SME Financial Platform...
2026-02-06 16:48:32.895 | INFO     | __mp_main__:<module>:117 - ✓ All routes registered successfully
2026-02-06 16:48:33.043 | INFO     | main:<module>:117 - ✓ All routes registered successfully
2026-02-06 16:48:33.043 | INFO     | main:<module>:117 - ✓ All routes registered successfully
2026-02-06 16:48:33.046 | INFO     | main:lifespan:33 - Starting SME Financial Platform...
2026-02-06 16:48:33.046 | INFO     | main:lifespan:33 - Starting SME Financial Platform...
2026-02-06 16:48:33.046 | INFO     | main:lifespan:34 - Initializing database...
2026-02-06 16:48:33.046 | INFO     | main:lifespan:34 - Initializing database...
2026-02-06 16:48:33.050 | INFO     | main:lifespan:36 - ✓ Application started successfully
2026-02-06 16:48:33.050 | INFO     | main:lifespan:36 - ✓ Application started successfully
2026-02-06 16:48:42.091 | INFO     | main:lifespan:41 - Shutting down SME Financial Platform...
2026-02-06 16:48:42.091 | INFO     | main:lifespan:41 - Shutting down SME Financial Platform...
2026-02-06 16:48:47.915 | INFO     | __main__:<module>:117 - ✓ All routes registered successfully
2026-02-06 16:48:50.610 | INFO     | __mp_main__:<module>:117 - ✓ All routes registered successfully
2026-02-06 16:48:50.740 | INFO     | main:<module>:117 - ✓ All routes registered successfully
2026-02-06 16:48:50.740 | INFO     | main:<module>:117 - ✓ All routes registered successfully
2026-02-06 16:48:50.742 | INFO     | main:lifespan:33 - Starting SME Financial Platform...
2026-02-06 16:48:50.742 | INFO     | main:lifespan:33 - Starting SME Financial Platform...
2026-02-06 16:48:50.742 | INFO     | main:lifespan:34 - Initializing database...
2026-02-06 16:48:50.742 | INFO     | main:lifespan:34 - Initializing database...
2026-02-06 16:48:50.745 | INFO     | main:lifespan:36 - ✓ Application started successfully
2026-02-06 16:48:50.745 | INFO     | main:lifespan:36 - ✓ Application started successfully
2026-02-06 16:49:39.669 | INFO     | security.audit_logger:log_event:36 - AUDIT LOG: User 2 performed read on company:1. Details: None
2026-02-06 16:49:39.669 | INFO     | security.audit_logger:log_event:36 - AUDIT LOG: User 2 performed read on company:1. Details: None
2026-02-06 16:49:43.784 | INFO     | security.audit_logger:log_event:36 - AUDIT LOG: User 2 performed read on health_score:1. Details: None
2026-02-06 16:49:43.784 | INFO     | security.audit_logger:log_event:36 - AUDIT LOG: User 2 performed read on health_score:1. Details: None
2026-02-06 16:49:43.794 | INFO     | security.audit_logger:log_event:36 - AUDIT LOG: User 2 performed read on company:1. Details: None
2026-02-06 16:49:43.794 | INFO     | security.audit_logger:log_event:36 - AUDIT LOG: User 2 performed read on company:1. Details: None
2026-02-06 16:49:44.112 | INFO     | security.audit_logger:log_event:36 - AUDIT LOG: User 2 performed read on health_score:1. Details: None
2026-02-06 16:49:44.112 | INFO     | security.audit_logger:log_event:36 - AUDIT LOG: User 2 performed read on health_score:1. Details: None
2026-02-06 16:53:45.340 | INFO     | main:lifespan:41 - Shutting down SME Financial Platform...
2026-02-06 16:53:45.340 | INFO     | main:lifespan:41 - Shutting down SME Financial Platform...
2026-02-06 16:53:49.729 | INFO     | __mp_main__:<module>:117 - ✓ All routes registered successfully
2026-02-06 16:53:49.849 | INFO     | main:<module>:117 - ✓ All routes registered successfully
2026-02-06 16:53:49.849 | INFO     | main:<module>:117 - ✓ All routes registered successfully
2026-02-06 16:53:49.850 | INFO     | main:lifespan:33 - Starting SME Financial Platform...
2026-02-06 16:53:49.850 | INFO     | main:lifespan:33 - Starting SME Financial Platform...
2026-02-06 16:53:49.850 | INFO     | main:lifespan:34 - Initializing database...
2026-02-06 16:53:49.850 | INFO     | main:lifespan:34 - Initializing database...
2026-02-06 16:53:49.856 | INFO     | main:lifespan:36 - ✓ Application started successfully
2026-02-06 16:53:49.856 | INFO     | main:lifespan:36 - ✓ Application started successfully
2026-02-06 16:54:14.659 | INFO     | main:lifespan:41 - Shutting down SME Financial Platform...
2026-02-06 16:54:14.659 | INFO     | main:lifespan:41 - Shutting down SME Financial Platform...
2026-02-06 16:54:17.969 | INFO     | __mp_main__:<module>:117 - ✓ All routes registered successfully
2026-02-06 16:54:18.088 | INFO     | main:<module>:117 - ✓ All routes registered successfully
2026-02-06 16:54:18.088 | INFO     | main:<module>:117 - ✓ All routes registered successfully
2026-02-06 16:54:18.091 | INFO     | main:lifespan:33 - Starting SME Financial Platform...
2026-02-06 16:54:18.091 | INFO     | main:lifespan:33 - Starting SME Financial Platform...
2026-02-06 16:54:18.091 | INFO     | main:lifespan:34 - Initializing database...
2026-02-06 16:54:18.091 | INFO     | main:lifespan:34 - Initializing database...
2026-02-06 16:54:18.093 | INFO     | main:lifespan:36 - ✓ Application started successfully
2026-02-06 16:54:18.093 | INFO     | main:lifespan:36 - ✓ Application started successfully
2026-02-06 16:54:19.720 | INFO     | main:lifespan:41 - Shutting down SME Financial Platform...
2026-02-06 16:54:19.720 | INFO     | main:lifespan:41 - Shutting down SME Financial Platform...
2026-02-06 17:42:38.361 | INFO     | __main__:<module>:117 - ✓ All routes registered successfully
2026-02-06 17:42:41.033 | INFO     | __mp_main__:<module>:117 - ✓ All routes registered successfully
2026-02-06 17:42:41.186 | INFO     | main:<module>:117 - ✓ All routes registered successfully
2026-02-06 17:42:41.186 | INFO     | main:<module>:117 - ✓ All routes registered successfully
2026-02-06 17:42:41.189 | INFO     | main:lifespan:33 - Starting SME Financial Platform...
2026-02-06 17:42:41.189 | INFO     | main:lifespan:33 - Starting SME Financial Platform...
2026-02-06 17:42:41.189 | INFO     | main:lifespan:34 - Initializing database...
2026-02-06 17:42:41.189 | INFO     | main:lifespan:34 - Initializing database...
2026-02-06 17:42:41.201 | INFO     | main:lifespan:36 - ✓ Application started successfully
2026-02-06 17:42:41.201 | INFO     | main:lifespan:36 - ✓ Application started successfully
2026-02-06 17:42:53.231 | INFO     | security.audit_logger:log_event:36 - AUDIT LOG: User 2 performed read on health_score:1. Details: None
2026-02-06 17:42:53.231 | INFO     | security.audit_logger:log_event:36 - AUDIT LOG: User 2 performed read on health_score:1. Details: None
2026-02-06 17:42:53.234 | INFO     | security.audit_logger:log_event:36 - AUDIT LOG: User 2 performed read on company:1. Details: None
2026-02-06 17:42:53.234 | INFO     | security.audit_logger:log_event:36 - AUDIT LOG: User 2 performed read on company:1. Details: None
2026-02-06 17:42:53.245 | INFO     | security.audit_logger:log_event:36 - AUDIT LOG: User 2 performed read on company:1. Details: None
2026-02-06 17:42:53.245 | INFO     | security.audit_logger:log_event:36 - AUDIT LOG: User 2 performed read on company:1. Details: None
2026-02-06 17:42:53.553 | INFO     | security.audit_logger:log_event:36 - AUDIT LOG: User 2 performed read on health_score:1. Details: None
2026-02-06 17:42:53.553 | INFO     | security.audit_logger:log_event:36 - AUDIT LOG: User 2 performed read on health_score:1. Details: None
2026-02-06 17:43:01.689 | INFO     | security.audit_logger:log_event:36 - AUDIT LOG: User 2 performed read on health_score:1. Details: None
2026-02-06 17:43:01.689 | INFO     | security.audit_logger:log_event:36 - AUDIT LOG: User 2 performed read on health_score:1. Details: None
2026-02-06 17:43:07.721 | INFO     | security.audit_logger:log_event:36 - AUDIT LOG: User 2 performed read on health_score:1. Details: None
2026-02-06 17:43:07.721 | INFO     | security.audit_logger:log_event:36 - AUDIT LOG: User 2 performed read on health_score:1. Details: None
2026-02-06 17:43:07.722 | INFO     | security.audit_logger:log_event:36 - AUDIT LOG: User 2 performed message_sent on company:1. Details: None
2026-02-06 17:43:07.722 | INFO     | security.audit_logger:log_event:36 - AUDIT LOG: User 2 performed message_sent on company:1. Details: None
2026-02-06 17:43:33.138 | INFO     | security.audit_logger:log_event:36 - AUDIT LOG: User 2 performed create on financial_statement:8. Details: None
2026-02-06 17:43:33.138 | INFO     | security.audit_logger:log_event:36 - AUDIT LOG: User 2 performed create on financial_statement:8. Details: None
2026-02-06 17:49:32.326 | INFO     | security.audit_logger:log_event:36 - AUDIT LOG: User 2 performed read on company:1. Details: None
2026-02-06 17:49:32.326 | INFO     | security.audit_logger:log_event:36 - AUDIT LOG: User 2 performed read on company:1. Details: None
2026-02-06 17:49:32.332 | INFO     | security.audit_logger:log_event:36 - AUDIT LOG: User 2 performed read on health_score:1. Details: None
2026-02-06 17:49:32.332 | INFO     | security.audit_logger:log_event:36 - AUDIT LOG: User 2 performed read on health_score:1. Details: None
2026-02-06 17:49:32.593 | INFO     | security.audit_logger:log_event:36 - AUDIT LOG: User 2 performed read on company:1. Details: None
2026-02-06 17:49:32.593 | INFO     | security.audit_logger:log_event:36 - AUDIT LOG: User 2 performed read on company:1. Details: None
2026-02-06 17:49:32.658 | INFO     | security.audit_logger:log_event:36 - AUDIT LOG: User 2 performed read on health_score:1. Details: None
2026-02-06 17:49:32.658 | INFO     | security.audit_logger:log_event:36 - AUDIT LOG: User 2 performed read on health_score:1. Details: None
2026-02-06 17:50:11.740 | INFO     | security.audit_logger:log_event:36 - AUDIT LOG: User 2 performed create on financial_statement:9. Details: None
2026-02-06 17:50:11.740 | INFO     | security.audit_logger:log_event:36 - AUDIT LOG: User 2 performed create on financial_statement:9. Details: None
2026-02-06 17:50:34.981 | INFO     | security.audit_logger:log_event:36 - AUDIT LOG: User 2 performed read on company:1. Details: None
2026-02-06 17:50:34.981 | INFO     | security.audit_logger:log_event:36 - AUDIT LOG: User 2 performed read on company:1. Details: None
2026-02-06 17:50:35.290 | INFO     | security.audit_logger:log_event:36 - AUDIT LOG: User 2 performed read on health_score:1. Details: None
2026-02-06 17:50:35.290 | INFO     | security.audit_logger:log_event:36 - AUDIT LOG: User 2 performed read on health_score:1. Details: None
2026-02-06 17:50:35.301 | INFO     | security.audit_logger:log_event:36 - AUDIT LOG: User 2 performed read on company:1. Details: None
2026-02-06 17:50:35.301 | INFO     | security.audit_logger:log_event:36 - AUDIT LOG: User 2 performed read on company:1. Details: None
2026-02-06 17:50:35.605 | INFO     | security.audit_logger:log_event:36 - AUDIT LOG: User 2 performed read on health_score:1. Details: None
2026-02-06 17:50:35.605 | INFO     | security.audit_logger:log_event:36 - AUDIT LOG: User 2 performed read on health_score:1. Details: None
2026-02-06 17:50:40.246 | INFO     | security.audit_logger:log_event:36 - AUDIT LOG: User 2 performed read on health_score:1. Details: None
2026-02-06 17:50:40.246 | INFO     | security.audit_logger:log_event:36 - AUDIT LOG: User 2 performed read on health_score:1. Details: None
2026-02-06 17:50:40.246 | INFO     | security.audit_logger:log_event:36 - AUDIT LOG: User 2 performed message_sent on company:1. Details: None
2026-02-06 17:50:40.246 | INFO     | security.audit_logger:log_event:36 - AUDIT LOG: User 2 performed message_sent on company:1. Details: None
2026-02-06 17:51:11.257 | INFO     | security.audit_logger:log_event:36 - AUDIT LOG: User 2 performed read on company:1. Details: None
2026-02-06 17:51:11.257 | INFO     | security.audit_logger:log_event:36 - AUDIT LOG: User 2 performed read on company:1. Details: None
2026-02-06 17:51:11.262 | INFO     | security.audit_logger:log_event:36 - AUDIT LOG: User 2 performed read on health_score:1. Details: None
2026-02-06 17:51:11.262 | INFO     | security.audit_logger:log_event:36 - AUDIT LOG: User 2 performed read on health_score:1. Details: None
2026-02-06 17:51:11.272 | INFO     | security.audit_logger:log_event:36 - AUDIT LOG: User 2 performed read on health_score:1. Details: None
2026-02-06 17:51:11.272 | INFO     | security.audit_logger:log_event:36 - AUDIT LOG: User 2 performed read on health_score:1. Details: None
2026-02-06 17:51:11.944 | INFO     | security.audit_logger:log_event:36 - AUDIT LOG: User 2 performed read on company:1. Details: None
2026-02-06 17:51:11.944 | INFO     | security.audit_logger:log_event:36 - AUDIT LOG: User 2 performed read on company:1. Details: None
2026-02-06 17:51:11.946 | INFO     | security.audit_logger:log_event:36 - AUDIT LOG: User 2 performed read on health_score:1. Details: None
2026-02-06 17:51:11.946 | INFO     | security.audit_logger:log_event:36 - AUDIT LOG: User 2 performed read on health_score:1. Details: None
2026-02-06 17:51:11.959 | INFO     | security.audit_logger:log_event:36 - AUDIT LOG: User 2 performed read on company:1. Details: None
2026-02-06 17:51:11.959 | INFO     | security.audit_logger:log_event:36 - AUDIT LOG: User 2 performed read on company:1. Details: None
2026-02-06 17:51:12.281 | INFO     | security.audit_logger:log_event:36 - AUDIT LOG: User 2 performed read on health_score:1. Details: None
2026-02-06 17:51:12.281 | INFO     | security.audit_logger:log_event:36 - AUDIT LOG: User 2 performed read on health_score:1. Details: None
2026-02-06 17:51:26.334 | INFO     | main:lifespan:41 - Shutting down SME Financial Platform...
2026-02-06 17:51:26.334 | INFO     | main:lifespan:41 - Shutting down SME Financial Platform...
2026-02-06 20:49:24.366 | INFO     | __main__:<module>:117 - ✓ All routes registered successfully
2026-02-06 20:49:28.624 | INFO     | __mp_main__:<module>:117 - ✓ All routes registered successfully
2026-02-06 20:49:28.993 | INFO     | main:<module>:117 - ✓ All routes registered successfully
2026-02-06 20:49:28.993 | INFO     | main:<module>:117 - ✓ All routes registered successfully
2026-02-06 20:49:28.995 | INFO     | main:lifespan:33 - Starting SME Financial Platform...
2026-02-06 20:49:28.995 | INFO     | main:lifespan:33 - Starting SME Financial Platform...
2026-02-06 20:49:28.995 | INFO     | main:lifespan:34 - Initializing database...
2026-02-06 20:49:28.995 | INFO     | main:lifespan:34 - Initializing database...
2026-02-06 20:49:29.012 | INFO     | main:lifespan:36 - ✓ Application started successfully
2026-02-06 20:49:29.012 | INFO     | main:lifespan:36 - ✓ Application started successfully
2026-02-06 20:49:45.537 | INFO     | security.audit_logger:log_event:36 - AUDIT LOG: User 2 performed read on company:1. Details: None
2026-02-06 20:49:45.537 | INFO     | security.audit_logger:log_event:36 - AUDIT LOG: User 2 performed read on company:1. Details: None
2026-02-06 20:49:45.553 | INFO     | security.audit_logger:log_event:36 - AUDIT LOG: User 2 performed read on health_score:1. Details: None
2026-02-06 20:49:45.553 | INFO     | security.audit_logger:log_event:36 - AUDIT LOG: User 2 performed read on health_score:1. Details: None
2026-02-06 20:49:45.578 | INFO     | security.audit_logger:log_event:36 - AUDIT LOG: User 2 performed read on company:1. Details: None
2026-02-06 20:49:45.578 | INFO     | security.audit_logger:log_event:36 - AUDIT LOG: User 2 performed read on company:1. Details: None
2026-02-06 20:49:45.894 | INFO     | security.audit_logger:log_event:36 - AUDIT LOG: User 2 performed read on health_score:1. Details: None
2026-02-06 20:49:45.894 | INFO     | security.audit_logger:log_event:36 - AUDIT LOG: User 2 performed read on health_score:1. Details: None
2026-02-06 20:59:44.341 | INFO     | security.audit_logger:log_event:36 - AUDIT LOG: User 2 performed read on health_score:1. Details: None
2026-02-06 20:59:44.341 | INFO     | security.audit_logger:log_event:36 - AUDIT LOG: User 2 performed read on health_score:1. Details: None
2026-02-06 20:59:44.364 | INFO     | security.audit_logger:log_event:36 - AUDIT LOG: User 2 performed read on company:1. Details: None
2026-02-06 20:59:44.364 | INFO     | security.audit_logger:log_event:36 - AUDIT LOG: User 2 performed read on company:1. Details: None
2026-02-06 20:59:44.383 | INFO     | security.audit_logger:log_event:36 - AUDIT LOG: User 2 performed read on company:1. Details: None
2026-02-06 20:59:44.383 | INFO     | security.audit_logger:log_event:36 - AUDIT LOG: User 2 performed read on company:1. Details: None
2026-02-06 20:59:44.708 | INFO     | security.audit_logger:log_event:36 - AUDIT LOG: User 2 performed read on health_score:1. Details: None
2026-02-06 20:59:44.708 | INFO     | security.audit_logger:log_event:36 - AUDIT LOG: User 2 performed read on health_score:1. Details: None
2026-02-06 21:05:49.556 | INFO     | main:lifespan:41 - Shutting down SME Financial Platform...
2026-02-06 21:05:49.556 | INFO     | main:lifespan:41 - Shutting down SME Financial Platform...
2026-02-06 21:06:00.648 | INFO     | __main__:<module>:117 - ✓ All routes registered successfully
2026-02-06 21:06:04.993 | INFO     | __mp_main__:<module>:117 - ✓ All routes registered successfully
2026-02-06 21:06:05.259 | INFO     | main:<module>:117 - ✓ All routes registered successfully
2026-02-06 21:06:05.259 | INFO     | main:<module>:117 - ✓ All routes registered successfully
2026-02-06 21:06:05.262 | INFO     | main:lifespan:33 - Starting SME Financial Platform...
2026-02-06 21:06:05.262 | INFO     | main:lifespan:33 - Starting SME Financial Platform...
2026-02-06 21:06:05.263 | INFO     | main:lifespan:34 - Initializing database...
2026-02-06 21:06:05.263 | INFO     | main:lifespan:34 - Initializing database...
2026-02-06 21:06:05.268 | INFO     | main:lifespan:36 - ✓ Application started successfully
2026-02-06 21:06:05.268 | INFO     | main:lifespan:36 - ✓ Application started successfully
2026-02-06 21:06:13.474 | INFO     | security.audit_logger:log_event:36 - AUDIT LOG: User 2 performed read on company:1. Details: None
2026-02-06 21:06:13.474 | INFO     | security.audit_logger:log_event:36 - AUDIT LOG: User 2 performed read on company:1. Details: None
2026-02-06 21:06:13.785 | INFO     | security.audit_logger:log_event:36 - AUDIT LOG: User 2 performed read on health_score:1. Details: None
2026-02-06 21:06:13.785 | INFO     | security.audit_logger:log_event:36 - AUDIT LOG: User 2 performed read on health_score:1. Details: None
2026-02-06 21:06:13.791 | INFO     | security.audit_logger:log_event:36 - AUDIT LOG: User 2 performed read on company:1. Details: None
2026-02-06 21:06:13.791 | INFO     | security.audit_logger:log_event:36 - AUDIT LOG: User 2 performed read on company:1. Details: None
2026-02-06 21:06:13.800 | INFO     | security.audit_logger:log_event:36 - AUDIT LOG: User 2 performed read on health_score:1. Details: None
2026-02-06 21:06:13.800 | INFO     | security.audit_logger:log_event:36 - AUDIT LOG: User 2 performed read on health_score:1. Details: None
2026-02-06 21:10:53.411 | INFO     | main:lifespan:41 - Shutting down SME Financial Platform...
2026-02-06 21:10:53.411 | INFO     | main:lifespan:41 - Shutting down SME Financial Platform...
2026-02-06 21:11:00.407 | INFO     | __mp_main__:<module>:117 - ✓ All routes registered successfully
2026-02-06 21:11:00.645 | INFO     | main:<module>:117 - ✓ All routes registered successfully
2026-02-06 21:11:00.645 | INFO     | main:<module>:117 - ✓ All routes registered successfully
2026-02-06 21:11:00.649 | INFO     | main:lifespan:33 - Starting SME Financial Platform...
2026-02-06 21:11:00.649 | INFO     | main:lifespan:33 - Starting SME Financial Platform...
2026-02-06 21:11:00.649 | INFO     | main:lifespan:34 - Initializing database...
2026-02-06 21:11:00.649 | INFO     | main:lifespan:34 - Initializing database...
2026-02-06 21:11:00.656 | INFO     | main:lifespan:36 - ✓ Application started successfully
2026-02-06 21:11:00.656 | INFO     | main:lifespan:36 - ✓ Application started successfully
2026-02-06 21:14:52.959 | INFO     | main:lifespan:41 - Shutting down SME Financial Platform...
2026-02-06 21:14:52.959 | INFO     | main:lifespan:41 - Shutting down SME Financial Platform...
2026-02-06 21:21:48.684 | INFO     | __main__:<module>:117 - ✓ All routes registered successfully
2026-02-06 21:21:53.855 | INFO     | __mp_main__:<module>:117 - ✓ All routes registered successfully
2026-02-06 21:21:54.122 | INFO     | main:<module>:117 - ✓ All routes registered successfully
2026-02-06 21:21:54.122 | INFO     | main:<module>:117 - ✓ All routes registered successfully
2026-02-06 21:21:54.125 | INFO     | main:lifespan:33 - Starting SME Financial Platform...
2026-02-06 21:21:54.125 | INFO     | main:lifespan:33 - Starting SME Financial Platform...
2026-02-06 21:21:54.126 | INFO     | main:lifespan:34 - Initializing database...
2026-02-06 21:21:54.126 | INFO     | main:lifespan:34 - Initializing database...
2026-02-06 21:21:54.149 | INFO     | main:lifespan:36 - ✓ Application started successfully
2026-02-06 21:21:54.149 | INFO     | main:lifespan:36 - ✓ Application started successfully
2026-02-06 21:28:00.349 | INFO     | security.audit_logger:log_event:36 - AUDIT LOG: User 2 performed read on company:1. Details: None
2026-02-06 21:28:00.349 | INFO     | security.audit_logger:log_event:36 - AUDIT LOG: User 2 performed read on company:1. Details: None
2026-02-06 21:28:00.514 | INFO     | security.audit_logger:log_event:36 - AUDIT LOG: User 2 performed read on company:1. Details: None
2026-02-06 21:28:00.514 | INFO     | security.audit_logger:log_event:36 - AUDIT LOG: User 2 performed read on company:1. Details: None
2026-02-06 21:28:00.526 | INFO     | security.audit_logger:log_event:36 - AUDIT LOG: User 2 performed read on health_score:1. Details: None
2026-02-06 21:28:00.526 | INFO     | security.audit_logger:log_event:36 - AUDIT LOG: User 2 performed read on health_score:1. Details: None
2026-02-06 21:28:00.667 | INFO     | security.audit_logger:log_event:36 - AUDIT LOG: User 2 performed read on health_score:1. Details: None
2026-02-06 21:28:00.667 | INFO     | security.audit_logger:log_event:36 - AUDIT LOG: User 2 performed read on health_score:1. Details: None
2026-02-06 21:28:11.059 | INFO     | security.audit_logger:log_event:36 - AUDIT LOG: User 2 performed read on company:1. Details: None
2026-02-06 21:28:11.059 | INFO     | security.audit_logger:log_event:36 - AUDIT LOG: User 2 performed read on company:1. Details: None
2026-02-06 21:28:11.065 | INFO     | security.audit_logger:log_event:36 - AUDIT LOG: User 2 performed read on health_score:1. Details: None
2026-02-06 21:28:11.065 | INFO     | security.audit_logger:log_event:36 - AUDIT LOG: User 2 performed read on health_score:1. Details: None
2026-02-06 21:28:11.402 | INFO     | security.audit_logger:log_event:36 - AUDIT LOG: User 2 performed read on health_score:1. Details: None
2026-02-06 21:28:11.402 | INFO     | security.audit_logger:log_event:36 - AUDIT LOG: User 2 performed read on health_score:1. Details: None
2026-02-06 21:28:11.405 | INFO     | security.audit_logger:log_event:36 - AUDIT LOG: User 2 performed read on company:1. Details: None
2026-02-06 21:28:11.405 | INFO     | security.audit_logger:log_event:36 - AUDIT LOG: User 2 performed read on company:1. Details: None
2026-02-06 21:28:25.901 | INFO     | security.audit_logger:log_event:36 - AUDIT LOG: User 2 performed create on financial_statement:10. Details: None
2026-02-06 21:28:25.901 | INFO     | security.audit_logger:log_event:36 - AUDIT LOG: User 2 performed create on financial_statement:10. Details: None
2026-02-06 21:28:37.840 | INFO     | security.audit_logger:log_event:36 - AUDIT LOG: User 2 performed read on company:1. Details: None
2026-02-06 21:28:37.840 | INFO     | security.audit_logger:log_event:36 - AUDIT LOG: User 2 performed read on company:1. Details: None
2026-02-06 21:28:38.169 | INFO     | security.audit_logger:log_event:36 - AUDIT LOG: User 2 performed read on health_score:1. Details: None
2026-02-06 21:28:38.169 | INFO     | security.audit_logger:log_event:36 - AUDIT LOG: User 2 performed read on health_score:1. Details: None
2026-02-06 21:28:38.174 | INFO     | security.audit_logger:log_event:36 - AUDIT LOG: User 2 performed read on company:1. Details: None
2026-02-06 21:28:38.174 | INFO     | security.audit_logger:log_event:36 - AUDIT LOG: User 2 performed read on company:1. Details: None
2026-02-06 21:28:38.516 | INFO     | security.audit_logger:log_event:36 - AUDIT LOG: User 2 performed read on health_score:1. Details: None
2026-02-06 21:28:38.516 | INFO     | security.audit_logger:log_event:36 - AUDIT LOG: User 2 performed read on health_score:1. Details: None
2026-02-06 21:28:47.678 | INFO     | security.audit_logger:log_event:36 - AUDIT LOG: User 2 performed read on health_score:1. Details: None
2026-02-06 21:28:47.678 | INFO     | security.audit_logger:log_event:36 - AUDIT LOG: User 2 performed read on health_score:1. Details: None
2026-02-06 21:28:47.678 | INFO     | security.audit_logger:log_event:36 - AUDIT LOG: User 2 performed message_sent on company:1. Details: None
2026-02-06 21:28:47.678 | INFO     | security.audit_logger:log_event:36 - AUDIT LOG: User 2 performed message_sent on company:1. Details: None
2026-02-06 21:51:43.151 | INFO     | __main__:<module>:117 - ✓ All routes registered successfully
2026-02-06 21:51:45.790 | INFO     | __mp_main__:<module>:117 - ✓ All routes registered successfully
2026-02-06 21:51:45.939 | INFO     | main:<module>:117 - ✓ All routes registered successfully
2026-02-06 21:51:45.939 | INFO     | main:<module>:117 - ✓ All routes registered successfully
2026-02-06 21:51:45.939 | INFO     | main:lifespan:33 - Starting SME Financial Platform...
2026-02-06 21:51:45.939 | INFO     | main:lifespan:33 - Starting SME Financial Platform...
2026-02-06 21:51:45.943 | INFO     | main:lifespan:34 - Initializing database...
2026-02-06 21:51:45.943 | INFO     | main:lifespan:34 - Initializing database...
2026-02-06 21:51:45.954 | INFO     | main:lifespan:36 - ✓ Application started successfully
2026-02-06 21:51:45.954 | INFO     | main:lifespan:36 - ✓ Application started successfully
2026-02-06 21:53:06.636 | INFO     | security.audit_logger:log_event:36 - AUDIT LOG: User 2 performed read on company:1. Details: None
2026-02-06 21:53:06.636 | INFO     | security.audit_logger:log_event:36 - AUDIT LOG: User 2 performed read on company:1. Details: None
2026-02-06 21:53:06.744 | INFO     | security.audit_logger:log_event:36 - AUDIT LOG: User 2 performed read on health_score:1. Details: None
2026-02-06 21:53:06.744 | INFO     | security.audit_logger:log_event:36 - AUDIT LOG: User 2 performed read on health_score:1. Details: None
2026-02-06 21:53:06.746 | INFO     | security.audit_logger:log_event:36 - AUDIT LOG: User 2 performed read on company:1. Details: None
2026-02-06 21:53:06.746 | INFO     | security.audit_logger:log_event:36 - AUDIT LOG: User 2 performed read on company:1. Details: None
2026-02-06 21:53:06.944 | INFO     | security.audit_logger:log_event:36 - AUDIT LOG: User 2 performed read on health_score:1. Details: None
2026-02-06 21:53:06.944 | INFO     | security.audit_logger:log_event:36 - AUDIT LOG: User 2 performed read on health_score:1. Details: None
2026-02-06 21:53:12.810 | INFO     | security.audit_logger:log_event:36 - AUDIT LOG: User 2 performed read on health_score:1. Details: None
2026-02-06 21:53:12.810 | INFO     | security.audit_logger:log_event:36 - AUDIT LOG: User 2 performed read on health_score:1. Details: None
2026-02-06 21:53:12.811 | INFO     | security.audit_logger:log_event:36 - AUDIT LOG: User 2 performed message_sent on company:1. Details: None
2026-02-06 21:53:12.811 | INFO     | security.audit_logger:log_event:36 - AUDIT LOG: User 2 performed message_sent on company:1. Details: None
